<?xml version="1.0" encoding="UTF-8"?>
<!-- Generated by org.testng.reporters.JUnitReportReporter -->
<testsuite hostname="DESKTOP-BQ2HMAG" failures="0" tests="1" name="selenium_lab1.lab1" time="9.034" errors="0" timestamp="2023-09-22T18:22:18 EET" skipped="0">
  <testcase classname="selenium_lab1.lab1" name="myTest" time="9.034"/>
  <system-out/>
</testsuite> <!-- selenium_lab1.lab1 -->
